0 info it worked if it ends with ok
1 verbose cli [ '/usr/local/bin/node', '/usr/local/bin/npm', 'run', 'test' ]
2 info using npm@3.10.10
3 info using node@v6.9.3
4 verbose run-script [ 'pretest', 'test', 'posttest' ]
5 info lifecycle todos@0.0.1~pretest: todos@0.0.1
6 silly lifecycle todos@0.0.1~pretest: no script for pretest, continuing
7 info lifecycle todos@0.0.1~test: todos@0.0.1
8 verbose lifecycle todos@0.0.1~test: unsafe-perm in lifecycle true
9 verbose lifecycle todos@0.0.1~test: PATH: /usr/local/lib/node_modules/npm/bin/node-gyp-bin:/Users/eliascarlston/Documents/code/training-react/examples/08-jest/node_modules/.bin:/usr/local/bin:/usr/bin:/bin:/usr/sbin:/sbin
10 verbose lifecycle todos@0.0.1~test: CWD: /Users/eliascarlston/Documents/code/training-react/examples/08-jest
11 silly lifecycle todos@0.0.1~test: Args: [ '-c', 'jest' ]
12 silly lifecycle todos@0.0.1~test: Returned: code: 1  signal: null
13 info lifecycle todos@0.0.1~test: Failed to exec test script
14 verbose stack Error: todos@0.0.1 test: `jest`
14 verbose stack Exit status 1
14 verbose stack     at EventEmitter.<anonymous> (/usr/local/lib/node_modules/npm/lib/utils/lifecycle.js:255:16)
14 verbose stack     at emitTwo (events.js:106:13)
14 verbose stack     at EventEmitter.emit (events.js:191:7)
14 verbose stack     at ChildProcess.<anonymous> (/usr/local/lib/node_modules/npm/lib/utils/spawn.js:40:14)
14 verbose stack     at emitTwo (events.js:106:13)
14 verbose stack     at ChildProcess.emit (events.js:191:7)
14 verbose stack     at maybeClose (internal/child_process.js:877:16)
14 verbose stack     at Process.ChildProcess._handle.onexit (internal/child_process.js:226:5)
15 verbose pkgid todos@0.0.1
16 verbose cwd /Users/eliascarlston/Documents/code/training-react/examples/08-jest
17 error Darwin 16.7.0
18 error argv "/usr/local/bin/node" "/usr/local/bin/npm" "run" "test"
19 error node v6.9.3
20 error npm  v3.10.10
21 error code ELIFECYCLE
22 error todos@0.0.1 test: `jest`
22 error Exit status 1
23 error Failed at the todos@0.0.1 test script 'jest'.
23 error Make sure you have the latest version of node.js and npm installed.
23 error If you do, this is most likely a problem with the todos package,
23 error not with npm itself.
23 error Tell the author that this fails on your system:
23 error     jest
23 error You can get information on how to open an issue for this project with:
23 error     npm bugs todos
23 error Or if that isn't available, you can get their info via:
23 error     npm owner ls todos
23 error There is likely additional logging output above.
24 verbose exit [ 1, true ]
